0 info it worked if it ends with ok
1 verbose cli [ '/usr/bin/node',
1 verbose cli   '/usr/bin/npm',
1 verbose cli   'i',
1 verbose cli   '@materiaTemporaryDrawerl-ui/core' ]
2 info using npm@3.5.2
3 info using node@v8.10.0
4 silly loadCurrentTree Starting
5 silly install loadCurrentTree
6 silly install readLocalPackageData
7 silly fetchPackageMetaData @materiaTemporaryDrawerl-ui/core
8 silly fetchNamedPackageData @materiaTemporaryDrawerl-ui/core
9 silly mapToRegistry name @materiaTemporaryDrawerl-ui/core
10 silly mapToRegistry scope (from package name) @materiaTemporaryDrawerl-ui
11 verbose mapToRegistry no registry URL found in name for scope @materiaTemporaryDrawerl-ui
12 silly mapToRegistry using default registry
13 silly mapToRegistry registry https://registry.npmjs.org/
14 silly mapToRegistry uri https://registry.npmjs.org/@materiaTemporaryDrawerl-ui%2fcore
15 verbose request uri https://registry.npmjs.org/@materiaTemporaryDrawerl-ui%2fcore
16 verbose request no auth needed
17 info attempt registry request try #1 at 10:57:12 AM
18 verbose request id c5fa8040e1b92acf
19 http request GET https://registry.npmjs.org/@materiaTemporaryDrawerl-ui%2fcore
20 http 404 https://registry.npmjs.org/@materiaTemporaryDrawerl-ui%2fcore
21 verbose headers { date: 'Wed, 29 Jan 2020 09:57:13 GMT',
21 verbose headers   'content-type': 'application/json',
21 verbose headers   'content-length': '21',
21 verbose headers   connection: 'keep-alive',
21 verbose headers   'set-cookie':
21 verbose headers    [ '__cfduid=d7e1c76bbe4d244a7adc141f567b060a21580291832; expires=Fri, 28-Feb-20 09:57:12 GMT; path=/; domain=.npmjs.org; HttpOnly; SameSite=Lax' ],
21 verbose headers   'expect-ct': 'max-age=604800, report-uri="https://report-uri.cloudflare.com/cdn-cgi/beacon/expect-ct"',
21 verbose headers   vary: 'Accept-Encoding',
21 verbose headers   server: 'cloudflare',
21 verbose headers   'cf-ray': '55ca57313ac1d8e5-AMS' }
22 silly get cb [ 404,
22 silly get   { date: 'Wed, 29 Jan 2020 09:57:13 GMT',
22 silly get     'content-type': 'application/json',
22 silly get     'content-length': '21',
22 silly get     connection: 'keep-alive',
22 silly get     'set-cookie':
22 silly get      [ '__cfduid=d7e1c76bbe4d244a7adc141f567b060a21580291832; expires=Fri, 28-Feb-20 09:57:12 GMT; path=/; domain=.npmjs.org; HttpOnly; SameSite=Lax' ],
22 silly get     'expect-ct': 'max-age=604800, report-uri="https://report-uri.cloudflare.com/cdn-cgi/beacon/expect-ct"',
22 silly get     vary: 'Accept-Encoding',
22 silly get     server: 'cloudflare',
22 silly get     'cf-ray': '55ca57313ac1d8e5-AMS' } ]
23 silly fetchPackageMetaData Error: Not found : @materiaTemporaryDrawerl-ui/core
23 silly fetchPackageMetaData     at makeError (/usr/share/npm/node_modules/npm-registry-client/lib/request.js:264:12)
23 silly fetchPackageMetaData     at CachingRegistryClient.<anonymous> (/usr/share/npm/node_modules/npm-registry-client/lib/request.js:252:14)
23 silly fetchPackageMetaData     at Request._callback (/usr/share/npm/node_modules/npm-registry-client/lib/request.js:172:14)
23 silly fetchPackageMetaData     at Request.self.callback (/usr/share/npm/node_modules/request/request.js:198:22)
23 silly fetchPackageMetaData     at emitTwo (events.js:126:13)
23 silly fetchPackageMetaData     at Request.emit (events.js:214:7)
23 silly fetchPackageMetaData     at Request.<anonymous> (/usr/share/npm/node_modules/request/request.js:1082:10)
23 silly fetchPackageMetaData     at emitOne (events.js:121:20)
23 silly fetchPackageMetaData     at Request.emit (events.js:211:7)
23 silly fetchPackageMetaData     at IncomingMessage.<anonymous> (/usr/share/npm/node_modules/request/request.js:1009:12)
23 silly fetchPackageMetaData  error for @materiaTemporaryDrawerl-ui/core { Error: Not found : @materiaTemporaryDrawerl-ui/core
23 silly fetchPackageMetaData     at makeError (/usr/share/npm/node_modules/npm-registry-client/lib/request.js:264:12)
23 silly fetchPackageMetaData     at CachingRegistryClient.<anonymous> (/usr/share/npm/node_modules/npm-registry-client/lib/request.js:252:14)
23 silly fetchPackageMetaData     at Request._callback (/usr/share/npm/node_modules/npm-registry-client/lib/request.js:172:14)
23 silly fetchPackageMetaData     at Request.self.callback (/usr/share/npm/node_modules/request/request.js:198:22)
23 silly fetchPackageMetaData     at emitTwo (events.js:126:13)
23 silly fetchPackageMetaData     at Request.emit (events.js:214:7)
23 silly fetchPackageMetaData     at Request.<anonymous> (/usr/share/npm/node_modules/request/request.js:1082:10)
23 silly fetchPackageMetaData     at emitOne (events.js:121:20)
23 silly fetchPackageMetaData     at Request.emit (events.js:211:7)
23 silly fetchPackageMetaData     at IncomingMessage.<anonymous> (/usr/share/npm/node_modules/request/request.js:1009:12)
23 silly fetchPackageMetaData   pkgid: '@materiaTemporaryDrawerl-ui/core',
23 silly fetchPackageMetaData   statusCode: 404,
23 silly fetchPackageMetaData   code: 'E404' }
24 silly rollbackFailedOptional Starting
25 silly rollbackFailedOptional Finishing
26 silly runTopLevelLifecycles Starting
27 silly runTopLevelLifecycles Finishing
28 silly install printInstalled
29 verbose stack Error: Not found : @materiaTemporaryDrawerl-ui/core
29 verbose stack     at makeError (/usr/share/npm/node_modules/npm-registry-client/lib/request.js:264:12)
29 verbose stack     at CachingRegistryClient.<anonymous> (/usr/share/npm/node_modules/npm-registry-client/lib/request.js:252:14)
29 verbose stack     at Request._callback (/usr/share/npm/node_modules/npm-registry-client/lib/request.js:172:14)
29 verbose stack     at Request.self.callback (/usr/share/npm/node_modules/request/request.js:198:22)
29 verbose stack     at emitTwo (events.js:126:13)
29 verbose stack     at Request.emit (events.js:214:7)
29 verbose stack     at Request.<anonymous> (/usr/share/npm/node_modules/request/request.js:1082:10)
29 verbose stack     at emitOne (events.js:121:20)
29 verbose stack     at Request.emit (events.js:211:7)
29 verbose stack     at IncomingMessage.<anonymous> (/usr/share/npm/node_modules/request/request.js:1009:12)
30 verbose statusCode 404
31 verbose pkgid @materiaTemporaryDrawerl-ui/core
32 verbose cwd /home/novazer/ProjetPollen/ReactProject/pollen
33 error Linux 5.0.0-37-generic
34 error argv "/usr/bin/node" "/usr/bin/npm" "i" "@materiaTemporaryDrawerl-ui/core"
35 error node v8.10.0
36 error npm  v3.5.2
37 error code E404
38 error 404 Not found : @materiaTemporaryDrawerl-ui/core
39 error 404
40 error 404 '@materiaTemporaryDrawerl-ui/core' is not in the npm registry.
41 error 404 Your package name is not valid, because
42 error 404 1. name can no longer contain capital letters
43 error 404 Note that you can also install from a
44 error 404 tarball, folder, http url, or git url.
45 verbose exit [ 1, true ]
